0 info it worked if it ends with ok
1 verbose cli [ '/Users/blemoine/.nvm/versions/node/v5.3.0/bin/node',
1 verbose cli   '/Users/blemoine/.nvm/versions/node/v5.3.0/bin/npm',
1 verbose cli   'run',
1 verbose cli   'deploy' ]
2 info using npm@3.3.12
3 info using node@v5.3.0
4 verbose run-script [ 'predeploy', 'deploy', 'postdeploy' ]
5 info lifecycle angular2-webpack-test@1.0.0~predeploy: angular2-webpack-test@1.0.0
6 silly lifecycle angular2-webpack-test@1.0.0~predeploy: no script for predeploy, continuing
7 info lifecycle angular2-webpack-test@1.0.0~deploy: angular2-webpack-test@1.0.0
8 verbose lifecycle angular2-webpack-test@1.0.0~deploy: unsafe-perm in lifecycle true
9 verbose lifecycle angular2-webpack-test@1.0.0~deploy: PATH: /Users/blemoine/.nvm/versions/node/v5.3.0/lib/node_modules/npm/bin/node-gyp-bin:/Users/blemoine/projects/perso/angular2-webpack/node_modules/.bin:/Users/blemoine/.rvm/gems/ruby-2.1.5/bin:/Users/blemoine/.rvm/gems/ruby-2.1.5@global/bin:/Users/blemoine/.rvm/rubies/ruby-2.1.5/bin:/Users/blemoine/bin:/Users/blemoine/.nvm/versions/node/v5.3.0/bin:/usr/local/bin:/usr/bin:/bin:/usr/sbin:/sbin:/usr/local/go/bin:/opt/ImageMagick/bin:/Applications/Postgres.app/Contents/Versions/9.5/bin:/usr/local/mysql/bin/:/Applications/CMake.app/Contents/bin:/Users/blemoine/Library/Haskell/bin:/Users/blemoine/.rvm/bin:/Users/blemoine/.rvm/bin
10 verbose lifecycle angular2-webpack-test@1.0.0~deploy: CWD: /Users/blemoine/projects/perso/angular2-webpack
11 silly lifecycle angular2-webpack-test@1.0.0~deploy: Args: [ '-c',
11 silly lifecycle   'rm -rf dist && NODE_ENV=prod webpack && git commit -am \'prod\' && git push && git subtree push --prefix dist origin gh-pages' ]
12 silly lifecycle angular2-webpack-test@1.0.0~deploy: Returned: code: 1  signal: null
13 info lifecycle angular2-webpack-test@1.0.0~deploy: Failed to exec deploy script
14 verbose stack Error: angular2-webpack-test@1.0.0 deploy: `rm -rf dist && NODE_ENV=prod webpack && git commit -am 'prod' && git push && git subtree push --prefix dist origin gh-pages`
14 verbose stack Exit status 1
14 verbose stack     at EventEmitter.<anonymous> (/Users/blemoine/.nvm/versions/node/v5.3.0/lib/node_modules/npm/lib/utils/lifecycle.js:232:16)
14 verbose stack     at emitTwo (events.js:87:13)
14 verbose stack     at EventEmitter.emit (events.js:172:7)
14 verbose stack     at ChildProcess.<anonymous> (/Users/blemoine/.nvm/versions/node/v5.3.0/lib/node_modules/npm/lib/utils/spawn.js:24:14)
14 verbose stack     at emitTwo (events.js:87:13)
14 verbose stack     at ChildProcess.emit (events.js:172:7)
14 verbose stack     at maybeClose (internal/child_process.js:818:16)
14 verbose stack     at Process.ChildProcess._handle.onexit (internal/child_process.js:211:5)
15 verbose pkgid angular2-webpack-test@1.0.0
16 verbose cwd /Users/blemoine/projects/perso/angular2-webpack
17 error Darwin 15.6.0
18 error argv "/Users/blemoine/.nvm/versions/node/v5.3.0/bin/node" "/Users/blemoine/.nvm/versions/node/v5.3.0/bin/npm" "run" "deploy"
19 error node v5.3.0
20 error npm  v3.3.12
21 error code ELIFECYCLE
22 error angular2-webpack-test@1.0.0 deploy: `rm -rf dist && NODE_ENV=prod webpack && git commit -am 'prod' && git push && git subtree push --prefix dist origin gh-pages`
22 error Exit status 1
23 error Failed at the angular2-webpack-test@1.0.0 deploy script 'rm -rf dist && NODE_ENV=prod webpack && git commit -am 'prod' && git push && git subtree push --prefix dist origin gh-pages'.
23 error Make sure you have the latest version of node.js and npm installed.
23 error If you do, this is most likely a problem with the angular2-webpack-test package,
23 error not with npm itself.
23 error Tell the author that this fails on your system:
23 error     rm -rf dist && NODE_ENV=prod webpack && git commit -am 'prod' && git push && git subtree push --prefix dist origin gh-pages
23 error You can get their info via:
23 error     npm owner ls angular2-webpack-test
23 error There is likely additional logging output above.
24 verbose exit [ 1, true ]
